This file contains any messages produced by compilers while
running configure, to aid debugging if configure makes a mistake.

It was created by configure, which was
generated by GNU Autoconf 2.61.  Invocation command line was

  $ ./configure --prefix=/usr --mandir=/share/man --infodir=/share/info --sysconfdir=/etc --localstatedir=/var

## --------- ##
## Platform. ##
## --------- ##

hostname = willyf0g
uname -m = i686
uname -r = 2.6.22-14-generic
uname -s = Linux
uname -v = #1 SMP Sun Oct 14 23:05:12 GMT 2007

/usr/bin/uname -p = unknown
/bin/uname -X     = unknown

/bin/arch              = i686
/usr/bin/arch -k       = unknown
/usr/convex/getsysinfo = unknown
/usr/bin/hostinfo      = unknown
/bin/machine           = unknown
/usr/bin/oslevel       = unknown
/bin/universe          = unknown

PATH: /usr/sbin
PATH: /usr/bin
PATH: /sbin
PATH: /bin
PATH: /usr/bin/X11


## ----------- ##
## Core tests. ##
## ----------- ##

configure:2049: checking for a BSD-compatible install
configure:2105: result: /usr/bin/install -c
configure:2116: checking whether build environment is sane
configure:2159: result: yes
configure:2187: checking for a thread-safe mkdir -p
configure:2226: result: /bin/mkdir -p
configure:2239: checking for gawk
configure:2255: found /usr/bin/gawk
configure:2266: result: gawk
configure:2277: checking whether make sets $(MAKE)
configure:2298: result: yes
configure:2502: checking whether to enable maintainer-specific portions of Makefiles
configure:2511: result: no
configure:2545: checking for style of include used by make
configure:2573: result: GNU
configure:2643: checking for gcc
configure:2659: found /usr/bin/gcc
configure:2670: result: gcc
configure:2908: checking for C compiler version
configure:2915: gcc --version >&5
gcc (GCC) 4.1.2 20060928 (prerelease) (Ubuntu 4.1.1-13ubuntu5)
Copyright (C) 2006 Free Software Foundation, Inc.
This is free software; see the source for copying conditions.  There is NO
warranty; not even for MERCHANTABILITY or FITNESS FOR A PARTICULAR PURPOSE.

configure:2918: $? = 0
configure:2925: gcc -v >&5
Using built-in specs.
Target: i486-linux-gnu
Configured with: ../src/configure -v --enable-languages=c,c++,fortran,objc,obj-c++,treelang --prefix=/usr --enable-shared --with-system-zlib --libexecdir=/usr/lib --without-included-gettext --enable-threads=posix --enable-nls --program-suffix=-4.1 --enable-__cxa_atexit --enable-clocale=gnu --enable-libstdcxx-debug --enable-mpfr --enable-checking=release i486-linux-gnu
Thread model: posix
gcc version 4.1.2 20060928 (prerelease) (Ubuntu 4.1.1-13ubuntu5)
configure:2928: $? = 0
configure:2935: gcc -V >&5
gcc: '-V' option must have argument
configure:2938: $? = 1
configure:2961: checking for C compiler default output file name
configure:2988: gcc    conftest.c  >&5
configure:2991: $? = 0
configure:3029: result: a.out
configure:3046: checking whether the C compiler works
configure:3056: ./a.out
configure:3059: $? = 0
configure:3076: result: yes
configure:3083: checking whether we are cross compiling
configure:3085: result: no
configure:3088: checking for suffix of executables
configure:3095: gcc -o conftest    conftest.c  >&5
configure:3098: $? = 0
configure:3122: result: 
configure:3128: checking for suffix of object files
configure:3154: gcc -c   conftest.c >&5
configure:3157: $? = 0
configure:3180: result: o
configure:3184: checking whether we are using the GNU C compiler
configure:3213: gcc -c   conftest.c >&5
configure:3219: $? = 0
configure:3236: result: yes
configure:3241: checking whether gcc accepts -g
configure:3271: gcc -c -g  conftest.c >&5
configure:3277: $? = 0
configure:3376: result: yes
configure:3393: checking for gcc option to accept ISO C89
configure:3467: gcc  -c -g -O2  conftest.c >&5
configure:3473: $? = 0
configure:3496: result: none needed
configure:3516: checking dependency style of gcc
configure:3607: result: gcc3
configure:3628: checking how to run the C preprocessor
configure:3668: gcc -E  conftest.c
configure:3674: $? = 0
configure:3705: gcc -E  conftest.c
conftest.c:11:28: error: ac_nonexistent.h: No such file or directory
configure:3711: $? = 1
configure: failed program was:
| /* confdefs.h.  */
| #define PACKAGE_NAME ""
| #define PACKAGE_TARNAME ""
| #define PACKAGE_VERSION ""
| #define PACKAGE_STRING ""
| #define PACKAGE_BUGREPORT ""
| #define PACKAGE "orca"
| #define VERSION "2.21.0"
| #define GETTEXT_PACKAGE "orca"
| /* end confdefs.h.  */
| #include <ac_nonexistent.h>
configure:3744: result: gcc -E
configure:3773: gcc -E  conftest.c
configure:3779: $? = 0
configure:3810: gcc -E  conftest.c
conftest.c:11:28: error: ac_nonexistent.h: No such file or directory
configure:3816: $? = 1
configure: failed program was:
| /* confdefs.h.  */
| #define PACKAGE_NAME ""
| #define PACKAGE_TARNAME ""
| #define PACKAGE_VERSION ""
| #define PACKAGE_STRING ""
| #define PACKAGE_BUGREPORT ""
| #define PACKAGE "orca"
| #define VERSION "2.21.0"
| #define GETTEXT_PACKAGE "orca"
| /* end confdefs.h.  */
| #include <ac_nonexistent.h>
configure:3854: checking for grep that handles long lines and -e
configure:3928: result: /bin/grep
configure:3933: checking for egrep
configure:4011: result: /bin/grep -E
configure:4016: checking for ANSI C header files
configure:4046: gcc -c -g -O2  conftest.c >&5
configure:4052: $? = 0
configure:4151: gcc -o conftest -g -O2   conftest.c  >&5
configure:4154: $? = 0
configure:4160: ./conftest
configure:4163: $? = 0
configure:4180: result: yes
configure:4204: checking for sys/types.h
configure:4225: gcc -c -g -O2  conftest.c >&5
configure:4231: $? = 0
configure:4247: result: yes
configure:4204: checking for sys/stat.h
configure:4225: gcc -c -g -O2  conftest.c >&5
configure:4231: $? = 0
configure:4247: result: yes
configure:4204: checking for stdlib.h
configure:4225: gcc -c -g -O2  conftest.c >&5
configure:4231: $? = 0
configure:4247: result: yes
configure:4204: checking for string.h
configure:4225: gcc -c -g -O2  conftest.c >&5
configure:4231: $? = 0
configure:4247: result: yes
configure:4204: checking for memory.h
configure:4225: gcc -c -g -O2  conftest.c >&5
configure:4231: $? = 0
configure:4247: result: yes
configure:4204: checking for strings.h
configure:4225: gcc -c -g -O2  conftest.c >&5
configure:4231: $? = 0
configure:4247: result: yes
configure:4204: checking for inttypes.h
configure:4225: gcc -c -g -O2  conftest.c >&5
configure:4231: $? = 0
configure:4247: result: yes
configure:4204: checking for stdint.h
configure:4225: gcc -c -g -O2  conftest.c >&5
configure:4231: $? = 0
configure:4247: result: yes
configure:4204: checking for unistd.h
configure:4225: gcc -c -g -O2  conftest.c >&5
configure:4231: $? = 0
configure:4247: result: yes
configure:4265: checking build system type
configure:4283: result: i686-pc-linux-gnu
configure:4305: checking host system type
configure:4320: result: i686-pc-linux-gnu
configure:4358: checking locale.h usability
configure:4375: gcc -c -g -O2  conftest.c >&5
configure:4381: $? = 0
configure:4395: result: yes
configure:4399: checking locale.h presence
configure:4414: gcc -E  conftest.c
configure:4420: $? = 0
configure:4434: result: yes
configure:4462: checking for locale.h
configure:4470: result: yes
configure:4484: checking for LC_MESSAGES
configure:4510: gcc -o conftest -g -O2   conftest.c  >&5
configure:4516: $? = 0
configure:4533: result: yes
configure:4562: checking libintl.h usability
configure:4579: gcc -c -g -O2  conftest.c >&5
configure:4585: $? = 0
configure:4599: result: yes
configure:4603: checking libintl.h presence
configure:4618: gcc -E  conftest.c
configure:4624: $? = 0
configure:4638: result: yes
configure:4666: checking for libintl.h
configure:4673: result: yes
configure:4684: checking for ngettext in libc
configure:4712: gcc -o conftest -g -O2   conftest.c  >&5
configure:4718: $? = 0
configure:4736: result: yes
configure:4740: checking for dgettext in libc
configure:4768: gcc -o conftest -g -O2   conftest.c  >&5
configure:4774: $? = 0
configure:4792: result: yes
configure:4801: checking for bind_textdomain_codeset
configure:4857: gcc -o conftest -g -O2   conftest.c  >&5
configure:4863: $? = 0
configure:4881: result: yes
configure:5368: checking for msgfmt
configure:5395: result: /usr/bin/msgfmt
configure:5408: checking for dcgettext
configure:5464: gcc -o conftest -g -O2   conftest.c   >&5
conftest.c:48: warning: conflicting types for built-in function 'dcgettext'
configure:5470: $? = 0
configure:5488: result: yes
configure:5499: checking if msgfmt accepts -c
configure:5514: $MSGFMT -c -o /dev/null conftest.foo
configure:5517: $? = 0
configure:5519: result: yes
configure:5529: checking for gmsgfmt
configure:5560: result: /usr/bin/msgfmt
configure:5570: checking for xgettext
configure:5597: result: /usr/bin/xgettext
configure:5626: gcc -o conftest -g -O2   conftest.c   >&5
configure:5632: $? = 0
configure:5871: checking for intltool >= 0.35.0
configure:5878: result: 0.36.2 found
configure:5936: checking for perl
configure:5954: found /usr/bin/perl
configure:5966: result: /usr/bin/perl
configure:5985: checking for XML::Parser
configure:5988: result: ok
configure:6199: checking for gcc
configure:6226: result: gcc
configure:6464: checking for C compiler version
configure:6471: gcc --version >&5
gcc (GCC) 4.1.2 20060928 (prerelease) (Ubuntu 4.1.1-13ubuntu5)
Copyright (C) 2006 Free Software Foundation, Inc.
This is free software; see the source for copying conditions.  There is NO
warranty; not even for MERCHANTABILITY or FITNESS FOR A PARTICULAR PURPOSE.

configure:6474: $? = 0
configure:6481: gcc -v >&5
Using built-in specs.
Target: i486-linux-gnu
Configured with: ../src/configure -v --enable-languages=c,c++,fortran,objc,obj-c++,treelang --prefix=/usr --enable-shared --with-system-zlib --libexecdir=/usr/lib --without-included-gettext --enable-threads=posix --enable-nls --program-suffix=-4.1 --enable-__cxa_atexit --enable-clocale=gnu --enable-libstdcxx-debug --enable-mpfr --enable-checking=release i486-linux-gnu
Thread model: posix
gcc version 4.1.2 20060928 (prerelease) (Ubuntu 4.1.1-13ubuntu5)
configure:6484: $? = 0
configure:6491: gcc -V >&5
gcc: '-V' option must have argument
configure:6494: $? = 1
configure:6497: checking whether we are using the GNU C compiler
configure:6549: result: yes
configure:6554: checking whether gcc accepts -g
configure:6689: result: yes
configure:6706: checking for gcc option to accept ISO C89
configure:6809: result: none needed
configure:6829: checking dependency style of gcc
configure:6920: result: gcc3
configure:6948: checking for a BSD-compatible install
configure:7004: result: /usr/bin/install -c
configure:7015: checking for library containing strerror
configure:7056: gcc -o conftest -g -O2   conftest.c  >&5
configure:7062: $? = 0
configure:7090: result: none required
configure:7172: checking for a sed that does not truncate output
configure:7226: result: /bin/sed
configure:7240: checking for ld used by gcc
configure:7307: result: /usr/bin/ld
configure:7316: checking if the linker (/usr/bin/ld) is GNU ld
configure:7331: result: yes
configure:7336: checking for /usr/bin/ld option to reload object files
configure:7343: result: -r
configure:7361: checking for BSD-compatible nm
configure:7410: result: /usr/bin/nm -B
configure:7414: checking whether ln -s works
configure:7418: result: yes
configure:7425: checking how to recognise dependent libraries
configure:7601: result: pass_all
configure:7844: checking dlfcn.h usability
configure:7861: gcc -c -g -O2  conftest.c >&5
configure:7867: $? = 0
configure:7881: result: yes
configure:7885: checking dlfcn.h presence
configure:7900: gcc -E  conftest.c
configure:7906: $? = 0
configure:7920: result: yes
configure:7948: checking for dlfcn.h
configure:7956: result: yes
configure:8027: checking for g++
configure:8043: found /usr/bin/g++
configure:8054: result: g++
configure:8085: checking for C++ compiler version
configure:8092: g++ --version >&5
g++ (GCC) 4.1.2 20060928 (prerelease) (Ubuntu 4.1.1-13ubuntu5)
Copyright (C) 2006 Free Software Foundation, Inc.
This is free software; see the source for copying conditions.  There is NO
warranty; not even for MERCHANTABILITY or FITNESS FOR A PARTICULAR PURPOSE.

configure:8095: $? = 0
configure:8102: g++ -v >&5
Using built-in specs.
Target: i486-linux-gnu
Configured with: ../src/configure -v --enable-languages=c,c++,fortran,objc,obj-c++,treelang --prefix=/usr --enable-shared --with-system-zlib --libexecdir=/usr/lib --without-included-gettext --enable-threads=posix --enable-nls --program-suffix=-4.1 --enable-__cxa_atexit --enable-clocale=gnu --enable-libstdcxx-debug --enable-mpfr --enable-checking=release i486-linux-gnu
Thread model: posix
gcc version 4.1.2 20060928 (prerelease) (Ubuntu 4.1.1-13ubuntu5)
configure:8105: $? = 0
configure:8112: g++ -V >&5
g++: '-V' option must have argument
configure:8115: $? = 1
configure:8118: checking whether we are using the GNU C++ compiler
configure:8147: g++ -c   conftest.cpp >&5
configure:8153: $? = 0
configure:8170: result: yes
configure:8175: checking whether g++ accepts -g
configure:8205: g++ -c -g  conftest.cpp >&5
configure:8211: $? = 0
configure:8310: result: yes
configure:8335: checking dependency style of g++
configure:8426: result: gcc3
configure:8451: checking how to run the C++ preprocessor
configure:8487: g++ -E  conftest.cpp
configure:8493: $? = 0
configure:8524: g++ -E  conftest.cpp
conftest.cpp:28:28: error: ac_nonexistent.h: No such file or directory
configure:8530: $? = 1
configure: failed program was:
| /* confdefs.h.  */
| #define PACKAGE_NAME ""
| #define PACKAGE_TARNAME ""
| #define PACKAGE_VERSION ""
| #define PACKAGE_STRING ""
| #define PACKAGE_BUGREPORT ""
| #define PACKAGE "orca"
| #define VERSION "2.21.0"
| #define GETTEXT_PACKAGE "orca"
| #define STDC_HEADERS 1
| #define HAVE_SYS_TYPES_H 1
| #define HAVE_SYS_STAT_H 1
| #define HAVE_STDLIB_H 1
| #define HAVE_STRING_H 1
| #define HAVE_MEMORY_H 1
| #define HAVE_STRINGS_H 1
| #define HAVE_INTTYPES_H 1
| #define HAVE_STDINT_H 1
| #define HAVE_UNISTD_H 1
| #define HAVE_LOCALE_H 1
| #define HAVE_LC_MESSAGES 1
| #define HAVE_BIND_TEXTDOMAIN_CODESET 1
| #define HAVE_GETTEXT 1
| #define HAVE_DCGETTEXT 1
| #define ENABLE_NLS 1
| #define HAVE_DLFCN_H 1
| /* end confdefs.h.  */
| #include <ac_nonexistent.h>
configure:8563: result: g++ -E
configure:8592: g++ -E  conftest.cpp
configure:8598: $? = 0
configure:8629: g++ -E  conftest.cpp
conftest.cpp:28:28: error: ac_nonexistent.h: No such file or directory
configure:8635: $? = 1
configure: failed program was:
| /* confdefs.h.  */
| #define PACKAGE_NAME ""
| #define PACKAGE_TARNAME ""
| #define PACKAGE_VERSION ""
| #define PACKAGE_STRING ""
| #define PACKAGE_BUGREPORT ""
| #define PACKAGE "orca"
| #define VERSION "2.21.0"
| #define GETTEXT_PACKAGE "orca"
| #define STDC_HEADERS 1
| #define HAVE_SYS_TYPES_H 1
| #define HAVE_SYS_STAT_H 1
| #define HAVE_STDLIB_H 1
| #define HAVE_STRING_H 1
| #define HAVE_MEMORY_H 1
| #define HAVE_STRINGS_H 1
| #define HAVE_INTTYPES_H 1
| #define HAVE_STDINT_H 1
| #define HAVE_UNISTD_H 1
| #define HAVE_LOCALE_H 1
| #define HAVE_LC_MESSAGES 1
| #define HAVE_BIND_TEXTDOMAIN_CODESET 1
| #define HAVE_GETTEXT 1
| #define HAVE_DCGETTEXT 1
| #define ENABLE_NLS 1
| #define HAVE_DLFCN_H 1
| /* end confdefs.h.  */
| #include <ac_nonexistent.h>
configure:8728: checking for g77
configure:8758: result: no
configure:8728: checking for xlf
configure:8758: result: no
configure:8728: checking for f77
configure:8758: result: no
configure:8728: checking for frt
configure:8758: result: no
configure:8728: checking for pgf77
configure:8758: result: no
configure:8728: checking for cf77
configure:8758: result: no
configure:8728: checking for fort77
configure:8758: result: no
configure:8728: checking for fl32
configure:8758: result: no
configure:8728: checking for af77
configure:8758: result: no
configure:8728: checking for xlf90
configure:8758: result: no
configure:8728: checking for f90
configure:8758: result: no
configure:8728: checking for pgf90
configure:8758: result: no
configure:8728: checking for pghpf
configure:8758: result: no
configure:8728: checking for epcf90
configure:8758: result: no
configure:8728: checking for gfortran
configure:8758: result: no
configure:8728: checking for g95
configure:8758: result: no
configure:8728: checking for xlf95
configure:8758: result: no
configure:8728: checking for f95
configure:8758: result: no
configure:8728: checking for fort
configure:8758: result: no
configure:8728: checking for ifort
configure:8758: result: no
configure:8728: checking for ifc
configure:8758: result: no
configure:8728: checking for efc
configure:8758: result: no
configure:8728: checking for pgf95
configure:8758: result: no
configure:8728: checking for lf95
configure:8758: result: no
configure:8728: checking for ftn
configure:8758: result: no
configure:8785: checking for Fortran 77 compiler version
configure:8792:  --version >&5
./configure: line 8793: --version: command not found
configure:8795: $? = 127
configure:8802:  -v >&5
./configure: line 8803: -v: command not found
configure:8805: $? = 127
configure:8812:  -V >&5
./configure: line 8813: -V: command not found
configure:8815: $? = 127
configure:8823: checking whether we are using the GNU Fortran 77 compiler
configure:8842:  -c  conftest.F >&5
./configure: line 8843: -c: command not found
configure:8848: $? = 127
configure: failed program was:
|       program main
| #ifndef __GNUC__
|        choke me
| #endif
| 
|       end
configure:8865: result: no
configure:8871: checking whether  accepts -g
configure:8888:  -c -g conftest.f >&5
./configure: line 8889: -c: command not found
configure:8894: $? = 127
configure: failed program was:
|       program main
| 
|       end
configure:8910: result: no
configure:8940: checking the maximum length of command line arguments
configure:9049: result: 32768
configure:9060: checking command to parse /usr/bin/nm -B output from gcc object
configure:9165: gcc -c -g -O2  conftest.c >&5
configure:9168: $? = 0
configure:9172: /usr/bin/nm -B conftest.o \| sed -n -e 's/^.*[ 	]\([ABCDGIRSTW][ABCDGIRSTW]*\)[ 	][ 	]*\([_A-Za-z][_A-Za-z0-9]*\)$/\1 \2 \2/p' \> conftest.nm
configure:9175: $? = 0
configure:9227: gcc -o conftest -g -O2   conftest.c conftstm.o >&5
configure:9230: $? = 0
configure:9268: result: ok
configure:9272: checking for objdir
configure:9287: result: .libs
configure:9379: checking for ar
configure:9395: found /usr/bin/ar
configure:9406: result: ar
configure:9475: checking for ranlib
configure:9491: found /usr/bin/ranlib
configure:9502: result: ranlib
configure:9571: checking for strip
configure:9587: found /usr/bin/strip
configure:9598: result: strip
configure:9884: checking if gcc supports -fno-rtti -fno-exceptions
configure:9902: gcc -c -g -O2  -fno-rtti -fno-exceptions conftest.c >&5
cc1: warning: command line option "-fno-rtti" is valid for C++/ObjC++ but not for C
configure:9906: $? = 0
configure:9919: result: no
configure:9934: checking for gcc option to produce PIC
configure:10144: result: -fPIC
configure:10152: checking if gcc PIC flag -fPIC works
configure:10170: gcc -c -g -O2  -fPIC -DPIC conftest.c >&5
configure:10174: $? = 0
configure:10187: result: yes
configure:10215: checking if gcc static flag -static works
configure:10243: result: yes
configure:10253: checking if gcc supports -c -o file.o
configure:10274: gcc -c -g -O2  -o out/conftest2.o conftest.c >&5
configure:10278: $? = 0
configure:10300: result: yes
configure:10326: checking whether the gcc linker (/usr/bin/ld) supports shared libraries
configure:11280: result: yes
configure:11301: checking whether -lc should be explicitly linked in
configure:11306: gcc -c -g -O2  conftest.c >&5
configure:11309: $? = 0
configure:11324: gcc -shared conftest.o  -v -Wl,-soname -Wl,conftest -o conftest 2\>\&1 \| grep  -lc  \>/dev/null 2\>\&1
configure:11327: $? = 0
configure:11339: result: no
configure:11347: checking dynamic linker characteristics
configure:11935: result: GNU/Linux ld.so
configure:11944: checking how to hardcode library paths into programs
configure:11969: result: immediate
configure:11983: checking whether stripping libraries is possible
configure:11988: result: yes
configure:12789: checking if libtool supports shared libraries
configure:12791: result: yes
configure:12794: checking whether to build shared libraries
configure:12815: result: yes
configure:12818: checking whether to build static libraries
configure:12822: result: no
configure:12914: creating libtool
configure:13502: checking for ld used by g++
configure:13569: result: /usr/bin/ld
configure:13578: checking if the linker (/usr/bin/ld) is GNU ld
configure:13593: result: yes
configure:13644: checking whether the g++ linker (/usr/bin/ld) supports shared libraries
configure:14578: result: yes
configure:14596: g++ -c -g -O2  conftest.cpp >&5
configure:14599: $? = 0
configure:14718: checking for g++ option to produce PIC
configure:14992: result: -fPIC
configure:15000: checking if g++ PIC flag -fPIC works
configure:15018: g++ -c -g -O2  -fPIC -DPIC conftest.cpp >&5
configure:15022: $? = 0
configure:15035: result: yes
configure:15063: checking if g++ static flag -static works
configure:15091: result: yes
configure:15101: checking if g++ supports -c -o file.o
configure:15122: g++ -c -g -O2  -o out/conftest2.o conftest.cpp >&5
configure:15126: $? = 0
configure:15148: result: yes
configure:15174: checking whether the g++ linker (/usr/bin/ld) supports shared libraries
configure:15199: result: yes
configure:15266: checking dynamic linker characteristics
configure:15854: result: GNU/Linux ld.so
configure:15863: checking how to hardcode library paths into programs
configure:15888: result: immediate
configure:22101: checking for pkg-config
configure:22119: found /usr/bin/pkg-config
configure:22131: result: /usr/bin/pkg-config
configure:22160: checking pkg-config is at least version 0.9.0
configure:22163: result: yes
configure:22174: checking for brl
configure:22183: $PKG_CONFIG --exists --print-errors "\
	glib-2.0 >= 2.10.0"
configure:22187: $? = 0
configure:22289: result: yes
configure:22349: checking for a Python interpreter with version >= 2.4
configure:22364: python -c import sys, string # split strings by '.' and convert to numeric. Append some zeros # because we need at least 4 digits for the hex conversion. minver = map(int, string.split('2.4', '.')) + [0, 0, 0] minverhex = 0 for i in xrange(0, 4): minverhex = (minverhex << 8) + minver[i] sys.exit(sys.hexversion < minverhex)
configure:22367: $? = 0
configure:22374: result: python
configure:22382: checking for python
configure:22400: found /usr/bin/python
configure:22412: result: /usr/bin/python
configure:22432: checking for python version
configure:22439: result: 2.4
configure:22451: checking for python platform
configure:22458: result: linux2
configure:22465: checking for python script directory
configure:22473: result: ${prefix}/lib/python2.4/site-packages
configure:22482: checking for python extension module directory
configure:22490: result: ${exec_prefix}/lib/python2.4/site-packages
configure:22507: checking for headers required to compile python extensions
configure:22531: gcc -E  -I/usr/include/python2.4 conftest.c
configure:22537: $? = 0
configure:22542: result: found
configure:22564: checking for python module gettext
configure:22590: result: yes
configure:22602: checking for python module getopt
configure:22628: result: yes
configure:22640: checking for python module bonobo
configure:22666: result: yes
configure:22678: checking for python module ORBit
configure:22704: result: yes
configure:22716: checking for CORBA in python module ORBit
configure:22736: result: yes
configure:22757: checking for PyORBit module Accessibility
configure:22785: result: yes
configure:22797: checking for PyORBit module GNOME_Speech
configure:22825: result: yes
configure:22836: checking for PyORBit module GNOME_Magnifier
configure:22867: result: no
configure:22869: WARNING: Could not find python ORBit module GNOME_Magnifier - you need gnome-mag-1.0 >= 0.12.5 installed to use magnification
configure:22882: checking for brlapi_initializeConnection in -lbrlapi
configure:22917: gcc -o conftest -g -O2   conftest.c -lbrlapi   >&5
configure:22923: $? = 0
configure:22941: result: yes
configure:23189: creating ./config.status

## ---------------------- ##
## Running config.status. ##
## ---------------------- ##

This file was extended by config.status, which was
generated by GNU Autoconf 2.61.  Invocation command line was

  CONFIG_FILES    = 
  CONFIG_HEADERS  = 
  CONFIG_LINKS    = 
  CONFIG_COMMANDS = 
  $ ./config.status 

on willyf0g

config.status:751: creating Makefile
config.status:751: creating orca.spec
config.status:751: creating docs/Makefile
config.status:751: creating docs/pydoc/Makefile
config.status:751: creating docs/man/Makefile
config.status:751: creating po/Makefile.in
config.status:751: creating icons/Makefile
config.status:751: creating src/Makefile
config.status:751: creating src/brl/Makefile
config.status:751: creating src/orca/Makefile
config.status:751: creating src/orca/scripts/Makefile
config.status:751: creating src/orca/orca
config.status:751: creating src/orca/orca_i18n.py
config.status:751: creating src/orca/platform.py
config.status:751: creating config.h
config.status:1031: executing depfiles commands
config.status:1031: executing default-1 commands
config.status:1031: executing intltool commands
config.status:1031: executing po/stamp-it commands

## ---------------- ##
## Cache variables. ##
## ---------------- ##

ac_cv_build=i686-pc-linux-gnu
ac_cv_c_compiler_gnu=yes
ac_cv_cxx_compiler_gnu=yes
ac_cv_env_CCC_set=
ac_cv_env_CCC_value=
ac_cv_env_CC_set=
ac_cv_env_CC_value=
ac_cv_env_CFLAGS_set=
ac_cv_env_CFLAGS_value=
ac_cv_env_CPPFLAGS_set=
ac_cv_env_CPPFLAGS_value=
ac_cv_env_CPP_set=
ac_cv_env_CPP_value=
ac_cv_env_CXXCPP_set=
ac_cv_env_CXXCPP_value=
ac_cv_env_CXXFLAGS_set=
ac_cv_env_CXXFLAGS_value=
ac_cv_env_CXX_set=
ac_cv_env_CXX_value=
ac_cv_env_F77_set=
ac_cv_env_F77_value=
ac_cv_env_FFLAGS_set=
ac_cv_env_FFLAGS_value=
ac_cv_env_LDFLAGS_set=
ac_cv_env_LDFLAGS_value=
ac_cv_env_LIBS_set=
ac_cv_env_LIBS_value=
ac_cv_env_PKG_CONFIG_set=
ac_cv_env_PKG_CONFIG_value=
ac_cv_env_brl_CFLAGS_set=
ac_cv_env_brl_CFLAGS_value=
ac_cv_env_brl_LIBS_set=set
ac_cv_env_brl_LIBS_value='-lglib-2.0   -lbrlapi'
ac_cv_env_build_alias_set=
ac_cv_env_build_alias_value=
ac_cv_env_host_alias_set=
ac_cv_env_host_alias_value=
ac_cv_env_target_alias_set=
ac_cv_env_target_alias_value=
ac_cv_f77_compiler_gnu=no
ac_cv_func_bind_textdomain_codeset=yes
ac_cv_func_dcgettext=yes
ac_cv_header_dlfcn_h=yes
ac_cv_header_inttypes_h=yes
ac_cv_header_libintl_h=yes
ac_cv_header_locale_h=yes
ac_cv_header_memory_h=yes
ac_cv_header_stdc=yes
ac_cv_header_stdint_h=yes
ac_cv_header_stdlib_h=yes
ac_cv_header_string_h=yes
ac_cv_header_strings_h=yes
ac_cv_header_sys_stat_h=yes
ac_cv_header_sys_types_h=yes
ac_cv_header_unistd_h=yes
ac_cv_host=i686-pc-linux-gnu
ac_cv_lib_brlapi_brlapi_initializeConnection=yes
ac_cv_objext=o
ac_cv_path_EGREP='/bin/grep -E'
ac_cv_path_GMSGFMT=/usr/bin/msgfmt
ac_cv_path_GREP=/bin/grep
ac_cv_path_INTLTOOL_PERL=/usr/bin/perl
ac_cv_path_MSGFMT=/usr/bin/msgfmt
ac_cv_path_PYTHON=/usr/bin/python
ac_cv_path_XGETTEXT=/usr/bin/xgettext
ac_cv_path_ac_pt_PKG_CONFIG=/usr/bin/pkg-config
ac_cv_path_install='/usr/bin/install -c'
ac_cv_path_mkdir=/bin/mkdir
ac_cv_prog_AWK=gawk
ac_cv_prog_CPP='gcc -E'
ac_cv_prog_CXXCPP='g++ -E'
ac_cv_prog_ac_ct_AR=ar
ac_cv_prog_ac_ct_CC=gcc
ac_cv_prog_ac_ct_CXX=g++
ac_cv_prog_ac_ct_RANLIB=ranlib
ac_cv_prog_ac_ct_STRIP=strip
ac_cv_prog_cc_c89=
ac_cv_prog_cc_g=yes
ac_cv_prog_cxx_g=yes
ac_cv_prog_f77_g=no
ac_cv_prog_make_make_set=yes
ac_cv_search_strerror='none required'
am_cv_CC_dependencies_compiler_type=gcc3
am_cv_CXX_dependencies_compiler_type=gcc3
am_cv_pathless_PYTHON=python
am_cv_python_platform=linux2
am_cv_python_pyexecdir='${exec_prefix}/lib/python2.4/site-packages'
am_cv_python_pythondir='${prefix}/lib/python2.4/site-packages'
am_cv_python_version=2.4
am_cv_val_LC_MESSAGES=yes
gt_cv_func_dgettext_libc=yes
gt_cv_func_dgettext_libintl=no
gt_cv_func_ngettext_libc=yes
gt_cv_have_gettext=yes
lt_cv_deplibs_check_method=pass_all
lt_cv_file_magic_cmd='$MAGIC_CMD'
lt_cv_file_magic_test_file=
lt_cv_ld_reload_flag=-r
lt_cv_objdir=.libs
lt_cv_path_LD=/usr/bin/ld
lt_cv_path_LDCXX=/usr/bin/ld
lt_cv_path_NM='/usr/bin/nm -B'
lt_cv_path_SED=/bin/sed
lt_cv_prog_compiler_c_o=yes
lt_cv_prog_compiler_c_o_CXX=yes
lt_cv_prog_compiler_rtti_exceptions=no
lt_cv_prog_gnu_ld=yes
lt_cv_prog_gnu_ldcxx=yes
lt_cv_sys_global_symbol_pipe='sed -n -e '\''s/^.*[ 	]\([ABCDGIRSTW][ABCDGIRSTW]*\)[ 	][ 	]*\([_A-Za-z][_A-Za-z0-9]*\)$/\1 \2 \2/p'\'''
lt_cv_sys_global_symbol_to_c_name_address='sed -n -e '\''s/^: \([^ ]*\) $/  {\"\1\", (lt_ptr) 0},/p'\'' -e '\''s/^[BCDEGRST] \([^ ]*\) \([^ ]*\)$/  {"\2", (lt_ptr) \&\2},/p'\'''
lt_cv_sys_global_symbol_to_cdecl='sed -n -e '\''s/^. .* \(.*\)$/extern int \1;/p'\'''
lt_cv_sys_max_cmd_len=32768
lt_lt_cv_prog_compiler_c_o='"yes"'
lt_lt_cv_prog_compiler_c_o_CXX='"yes"'
lt_lt_cv_sys_global_symbol_pipe='"sed -n -e '\''s/^.*[ 	]\\([ABCDGIRSTW][ABCDGIRSTW]*\\)[ 	][ 	]*\\([_A-Za-z][_A-Za-z0-9]*\\)\$/\\1 \\2 \\2/p'\''"'
lt_lt_cv_sys_global_symbol_to_c_name_address='"sed -n -e '\''s/^: \\([^ ]*\\) \$/  {\\\"\\1\\\", (lt_ptr) 0},/p'\'' -e '\''s/^[BCDEGRST] \\([^ ]*\\) \\([^ ]*\\)\$/  {\"\\2\", (lt_ptr) \\&\\2},/p'\''"'
lt_lt_cv_sys_global_symbol_to_cdecl='"sed -n -e '\''s/^. .* \\(.*\\)\$/extern int \\1;/p'\''"'
pkg_cv_brl_CFLAGS='-I/usr/include/glib-2.0 -I/usr/lib/glib-2.0/include  '
pkg_cv_brl_LIBS='-lglib-2.0   -lbrlapi'
py_cv_mod_Accessibility=yes
py_cv_mod_GNOME_Magnifier=no
py_cv_mod_GNOME_Speech=yes
py_cv_mod_ORBit_=yes
py_cv_mod_ORBit_CORBA=yes
py_cv_mod_bonobo_=yes
py_cv_mod_getopt_=yes
py_cv_mod_gettext_=yes

## ----------------- ##
## Output variables. ##
## ----------------- ##

ACLOCAL='${SHELL} /home/pkgs/gnome.org-orca/gnome-orca-2.21.0/missing --run aclocal-1.10'
ALL_LINGUAS=''
AMDEPBACKSLASH='\'
AMDEP_FALSE='#'
AMDEP_TRUE=''
AMTAR='${SHELL} /home/pkgs/gnome.org-orca/gnome-orca-2.21.0/missing --run tar'
AR='ar'
AT_SPI_IDLDIR='/usr/share/idl/at-spi-1.0'
AT_SPI_IDLFLAGS='-I/usr/share/idl/bonobo-2.0 -I/usr/share/idl/bonobo-activation-2.0 -I/usr/share/idl/at-spi-1.0'
AUTOCONF='${SHELL} /home/pkgs/gnome.org-orca/gnome-orca-2.21.0/missing --run autoconf'
AUTOHEADER='${SHELL} /home/pkgs/gnome.org-orca/gnome-orca-2.21.0/missing --run autoheader'
AUTOMAKE='${SHELL} /home/pkgs/gnome.org-orca/gnome-orca-2.21.0/missing --run automake-1.10'
AWK='gawk'
CATALOGS=''
CATOBJEXT='.gmo'
CC='gcc'
CCDEPMODE='depmode=gcc3'
CFLAGS='-g -O2'
CPP='gcc -E'
CPPFLAGS=''
CXX='g++'
CXXCPP='g++ -E'
CXXDEPMODE='depmode=gcc3'
CXXFLAGS='-g -O2'
CYGPATH_W='echo'
DATADIRNAME='share'
DEFS='-DHAVE_CONFIG_H'
DEPDIR='.deps'
ECHO='echo'
ECHO_C=''
ECHO_N='-n'
ECHO_T=''
EGREP='/bin/grep -E'
ENABLE_PYDOC_FALSE=''
ENABLE_PYDOC_TRUE='#'
EXEEXT=''
F77=''
FFLAGS=''
GETTEXT_PACKAGE='orca'
GMOFILES=''
GMSGFMT='/usr/bin/msgfmt'
GREP='/bin/grep'
INSTALL_DATA='${INSTALL} -m 644'
INSTALL_PROGRAM='${INSTALL}'
INSTALL_SCRIPT='${INSTALL}'
INSTALL_STRIP_PROGRAM='$(install_sh) -c -s'
INSTOBJEXT='.mo'
INTLLIBS=''
INTLTOOL_CAVES_RULE='%.caves:     %.caves.in     $(INTLTOOL_MERGE) $(wildcard $(top_srcdir)/po/*.po) ; LC_ALL=C $(INTLTOOL_MERGE) -d -u -c $(top_builddir)/po/.intltool-merge-cache $(top_srcdir)/po $< $@'
INTLTOOL_DESKTOP_RULE='%.desktop:   %.desktop.in   $(INTLTOOL_MERGE) $(wildcard $(top_srcdir)/po/*.po) ; LC_ALL=C $(INTLTOOL_MERGE) -d -u -c $(top_builddir)/po/.intltool-merge-cache $(top_srcdir)/po $< $@'
INTLTOOL_DIRECTORY_RULE='%.directory: %.directory.in $(INTLTOOL_MERGE) $(wildcard $(top_srcdir)/po/*.po) ; LC_ALL=C $(INTLTOOL_MERGE) -d -u -c $(top_builddir)/po/.intltool-merge-cache $(top_srcdir)/po $< $@'
INTLTOOL_EXTRACT='$(top_builddir)/intltool-extract'
INTLTOOL_KBD_RULE='%.kbd:       %.kbd.in       $(INTLTOOL_MERGE) $(wildcard $(top_srcdir)/po/*.po) ; LC_ALL=C $(INTLTOOL_MERGE) -x -u -m -c $(top_builddir)/po/.intltool-merge-cache $(top_srcdir)/po $< $@'
INTLTOOL_KEYS_RULE='%.keys:      %.keys.in      $(INTLTOOL_MERGE) $(wildcard $(top_srcdir)/po/*.po) ; LC_ALL=C $(INTLTOOL_MERGE) -k -u -c $(top_builddir)/po/.intltool-merge-cache $(top_srcdir)/po $< $@'
INTLTOOL_MERGE='$(top_builddir)/intltool-merge'
INTLTOOL_OAF_RULE='%.oaf:       %.oaf.in       $(INTLTOOL_MERGE) $(wildcard $(top_srcdir)/po/*.po) ; LC_ALL=C $(INTLTOOL_MERGE) -o -p $(top_srcdir)/po $< $@'
INTLTOOL_PERL='/usr/bin/perl'
INTLTOOL_POLICY_RULE='%.policy:    %.policy.in    $(INTLTOOL_MERGE) $(wildcard $(top_srcdir)/po/*.po) ; LC_ALL=C $(INTLTOOL_MERGE) -x -u -c $(top_builddir)/po/.intltool-merge-cache $(top_srcdir)/po $< $@'
INTLTOOL_PONG_RULE='%.pong:      %.pong.in      $(INTLTOOL_MERGE) $(wildcard $(top_srcdir)/po/*.po) ; LC_ALL=C $(INTLTOOL_MERGE) -x -u -c $(top_builddir)/po/.intltool-merge-cache $(top_srcdir)/po $< $@'
INTLTOOL_PROP_RULE='%.prop:      %.prop.in      $(INTLTOOL_MERGE) $(wildcard $(top_srcdir)/po/*.po) ; LC_ALL=C $(INTLTOOL_MERGE) -d -u -c $(top_builddir)/po/.intltool-merge-cache $(top_srcdir)/po $< $@'
INTLTOOL_SCHEMAS_RULE='%.schemas:   %.schemas.in   $(INTLTOOL_MERGE) $(wildcard $(top_srcdir)/po/*.po) ; LC_ALL=C $(INTLTOOL_MERGE) -s -u -c $(top_builddir)/po/.intltool-merge-cache $(top_srcdir)/po $< $@'
INTLTOOL_SERVER_RULE='%.server:    %.server.in    $(INTLTOOL_MERGE) $(wildcard $(top_srcdir)/po/*.po) ; LC_ALL=C $(INTLTOOL_MERGE) -o -u -c $(top_builddir)/po/.intltool-merge-cache $(top_srcdir)/po $< $@'
INTLTOOL_SERVICE_RULE='%.service: %.service.in   $(INTLTOOL_MERGE) $(wildcard $(top_srcdir)/po/*.po) ; LC_ALL=C $(INTLTOOL_MERGE) -d -u -c $(top_builddir)/po/.intltool-merge-cache $(top_srcdir)/po $< $@'
INTLTOOL_SHEET_RULE='%.sheet:     %.sheet.in     $(INTLTOOL_MERGE) $(wildcard $(top_srcdir)/po/*.po) ; LC_ALL=C $(INTLTOOL_MERGE) -x -u -c $(top_builddir)/po/.intltool-merge-cache $(top_srcdir)/po $< $@'
INTLTOOL_SOUNDLIST_RULE='%.soundlist: %.soundlist.in $(INTLTOOL_MERGE) $(wildcard $(top_srcdir)/po/*.po) ; LC_ALL=C $(INTLTOOL_MERGE) -d -u -c $(top_builddir)/po/.intltool-merge-cache $(top_srcdir)/po $< $@'
INTLTOOL_THEME_RULE='%.theme:     %.theme.in     $(INTLTOOL_MERGE) $(wildcard $(top_srcdir)/po/*.po) ; LC_ALL=C $(INTLTOOL_MERGE) -d -u -c $(top_builddir)/po/.intltool-merge-cache $(top_srcdir)/po $< $@'
INTLTOOL_UI_RULE='%.ui:        %.ui.in        $(INTLTOOL_MERGE) $(wildcard $(top_srcdir)/po/*.po) ; LC_ALL=C $(INTLTOOL_MERGE) -x -u -c $(top_builddir)/po/.intltool-merge-cache $(top_srcdir)/po $< $@'
INTLTOOL_UPDATE='$(top_builddir)/intltool-update'
INTLTOOL_XAM_RULE='%.xam:       %.xml.in       $(INTLTOOL_MERGE) $(wildcard $(top_srcdir)/po/*.po) ; LC_ALL=C $(INTLTOOL_MERGE) -x -u -c $(top_builddir)/po/.intltool-merge-cache $(top_srcdir)/po $< $@'
INTLTOOL_XML_NOMERGE_RULE='%.xml:       %.xml.in       $(INTLTOOL_MERGE) ; LC_ALL=C $(INTLTOOL_MERGE) -x -u /tmp $< $@'
INTLTOOL_XML_RULE='%.xml:       %.xml.in       $(INTLTOOL_MERGE) $(wildcard $(top_srcdir)/po/*.po) ; LC_ALL=C $(INTLTOOL_MERGE) -x -u -c $(top_builddir)/po/.intltool-merge-cache $(top_srcdir)/po $< $@'
LDFLAGS=''
LIBOBJS=''
LIBS=''
LIBTOOL='$(SHELL) $(top_builddir)/libtool'
LN_S='ln -s'
LTLIBOBJS=''
LT_AGE='0'
LT_CURRENT='0'
LT_RELEASE=''
LT_REVISION='0'
LT_VERSION_INFO='-version-info ${LT_CURRENT}:${LT_REVISION}:${LT_AGE}'
MAINT='#'
MAINTAINER_MODE_FALSE=''
MAINTAINER_MODE_TRUE='#'
MAKEINFO='${SHELL} /home/pkgs/gnome.org-orca/gnome-orca-2.21.0/missing --run makeinfo'
MKINSTALLDIRS='./mkinstalldirs'
MSGFMT='/usr/bin/msgfmt'
MSGFMT_OPTS='-c'
OBJEXT='o'
ORBIT_IDL='/usr/bin/orbit-idl-2'
ORCA_VERSION='2.21.0'
PACKAGE='orca'
PACKAGE_BUGREPORT=''
PACKAGE_NAME=''
PACKAGE_STRING=''
PACKAGE_TARNAME=''
PACKAGE_VERSION=''
PATH_SEPARATOR=':'
PKG_CONFIG='/usr/bin/pkg-config'
POFILES=''
POSUB='po'
PO_IN_DATADIR_FALSE=''
PO_IN_DATADIR_TRUE=''
PYTHON='/usr/bin/python'
PYTHON_EXEC_PREFIX='${exec_prefix}'
PYTHON_INCLUDES='-I/usr/include/python2.4'
PYTHON_PLATFORM='linux2'
PYTHON_PREFIX='${prefix}'
PYTHON_VERSION='2.4'
RANLIB='ranlib'
SET_MAKE=''
SHELL='/bin/bash'
STRIP='strip'
USE_NLS='yes'
VERSION='2.21.0'
XGETTEXT='/usr/bin/xgettext'
ac_ct_CC='gcc'
ac_ct_CXX='g++'
ac_ct_F77=''
am__fastdepCC_FALSE='#'
am__fastdepCC_TRUE=''
am__fastdepCXX_FALSE='#'
am__fastdepCXX_TRUE=''
am__include='include'
am__isrc=''
am__leading_dot='.'
am__quote=''
am__tar='${AMTAR} chof - "$$tardir"'
am__untar='${AMTAR} xf -'
bindir='${exec_prefix}/bin'
brl_CFLAGS='-I/usr/include/glib-2.0 -I/usr/lib/glib-2.0/include  '
brl_LIBS='-lglib-2.0   -lbrlapi'
build='i686-pc-linux-gnu'
build_alias=''
build_cpu='i686'
build_os='linux-gnu'
build_vendor='pc'
datadir='${datarootdir}'
datarootdir='${prefix}/share'
docdir='${datarootdir}/doc/${PACKAGE}'
dvidir='${docdir}'
exec_prefix='${prefix}'
host='i686-pc-linux-gnu'
host_alias=''
host_cpu='i686'
host_os='linux-gnu'
host_vendor='pc'
htmldir='${docdir}'
includedir='${prefix}/include'
infodir='/share/info'
install_sh='$(SHELL) /home/pkgs/gnome.org-orca/gnome-orca-2.21.0/install-sh'
libdir='${exec_prefix}/lib'
libexecdir='${exec_prefix}/libexec'
localedir='${datarootdir}/locale'
localstatedir='/var'
mandir='/share/man'
mkdir_p='/bin/mkdir -p'
oldincludedir='/usr/include'
orca_CFLAGS=''
orca_LIBS=''
pdfdir='${docdir}'
pkgpyexecdir='${pyexecdir}/orca'
pkgpythondir='${pythondir}/orca'
prefix='/usr'
program_transform_name='s,x,x,'
psdir='${docdir}'
pyexecdir='${exec_prefix}/lib/python2.4/site-packages'
pythondir='${prefix}/lib/python2.4/site-packages'
sbindir='${exec_prefix}/sbin'
sharedstatedir='${prefix}/com'
sysconfdir='/etc'
target_alias=''

## ----------- ##
## confdefs.h. ##
## ----------- ##

#define PACKAGE_NAME ""
#define PACKAGE_TARNAME ""
#define PACKAGE_VERSION ""
#define PACKAGE_STRING ""
#define PACKAGE_BUGREPORT ""
#define PACKAGE "orca"
#define VERSION "2.21.0"
#define GETTEXT_PACKAGE "orca"
#define STDC_HEADERS 1
#define HAVE_SYS_TYPES_H 1
#define HAVE_SYS_STAT_H 1
#define HAVE_STDLIB_H 1
#define HAVE_STRING_H 1
#define HAVE_MEMORY_H 1
#define HAVE_STRINGS_H 1
#define HAVE_INTTYPES_H 1
#define HAVE_STDINT_H 1
#define HAVE_UNISTD_H 1
#define HAVE_LOCALE_H 1
#define HAVE_LC_MESSAGES 1
#define HAVE_BIND_TEXTDOMAIN_CODESET 1
#define HAVE_GETTEXT 1
#define HAVE_DCGETTEXT 1
#define ENABLE_NLS 1
#define HAVE_DLFCN_H 1

configure: exit 0
