This file contains any messages produced by compilers while
running configure, to aid debugging if configure makes a mistake.

It was created by configure, which was
generated by GNU Autoconf 2.60.  Invocation command line was

  $ /home/carlospc/Desktop/123/pmount-0.9.13/./configure --build=i486-linux-gnu --prefix=/usr --includedir=${prefix}/include --mandir=${prefix}/share/man --infodir=${prefix}/share/info --sysconfdir=/etc --localstatedir=/var --libexecdir=${prefix}/lib/pmount --disable-maintainer-mode --disable-dependency-tracking --srcdir=.

## --------- ##
## Platform. ##
## --------- ##

hostname = z750s
uname -m = i686
uname -r = 2.6.17-11-generic
uname -s = Linux
uname -v = #2 SMP Thu Feb 1 19:52:28 UTC 2007

/usr/bin/uname -p = unknown
/bin/uname -X     = unknown

/bin/arch              = i686
/usr/bin/arch -k       = unknown
/usr/convex/getsysinfo = unknown
/usr/bin/hostinfo      = unknown
/bin/machine           = unknown
/usr/bin/oslevel       = unknown
/bin/universe          = unknown

PATH: /usr/sbin
PATH: /usr/bin
PATH: /sbin
PATH: /bin
PATH: /usr/bin/X11


## ----------- ##
## Core tests. ##
## ----------- ##

configure:2021: checking for a BSD-compatible install
configure:2077: result: /usr/bin/install -c
configure:2088: checking whether build environment is sane
configure:2131: result: yes
configure:2196: checking for gawk
configure:2212: found /usr/bin/gawk
configure:2223: result: gawk
configure:2234: checking whether make sets $(MAKE)
configure:2255: result: yes
configure:2452: checking for intltool >= 0.21
configure:2459: result: 0.35.0 found
configure:2515: checking for perl
configure:2533: found /usr/bin/perl
configure:2545: result: /usr/bin/perl
configure:2564: checking for XML::Parser
configure:2567: result: ok
configure:2578: checking for iconv
configure:2596: found /usr/bin/iconv
configure:2609: result: /usr/bin/iconv
configure:2619: checking for msgfmt
configure:2637: found /usr/bin/msgfmt
configure:2650: result: /usr/bin/msgfmt
configure:2660: checking for msgmerge
configure:2678: found /usr/bin/msgmerge
configure:2691: result: /usr/bin/msgmerge
configure:2701: checking for xgettext
configure:2719: found /usr/bin/xgettext
configure:2732: result: /usr/bin/xgettext
configure:2752: checking whether to enable maintainer-specific portions of Makefiles
configure:2761: result: no
configure:2788: checking for style of include used by make
configure:2816: result: GNU
configure:2889: checking for gcc
configure:2916: result: cc
configure:3154: checking for C compiler version
configure:3161: cc --version >&5
cc (GCC) 4.1.2 20060928 (prerelease) (Ubuntu 4.1.1-13ubuntu5)
Copyright (C) 2006 Free Software Foundation, Inc.
This is free software; see the source for copying conditions.  There is NO
warranty; not even for MERCHANTABILITY or FITNESS FOR A PARTICULAR PURPOSE.

configure:3164: $? = 0
configure:3171: cc -v >&5
Using built-in specs.
Target: i486-linux-gnu
Configured with: ../src/configure -v --enable-languages=c,c++,fortran,objc,obj-c++,treelang --prefix=/usr --enable-shared --with-system-zlib --libexecdir=/usr/lib --without-included-gettext --enable-threads=posix --enable-nls --program-suffix=-4.1 --enable-__cxa_atexit --enable-clocale=gnu --enable-libstdcxx-debug --enable-mpfr --enable-checking=release i486-linux-gnu
Thread model: posix
gcc version 4.1.2 20060928 (prerelease) (Ubuntu 4.1.1-13ubuntu5)
configure:3174: $? = 0
configure:3181: cc -V >&5
cc: '-V' option must have argument
configure:3184: $? = 1
configure:3207: checking for C compiler default output file name
configure:3234: cc -g -Wall -O2   conftest.c  >&5
configure:3237: $? = 0
configure:3283: result: a.out
configure:3288: checking whether the C compiler works
configure:3298: ./a.out
configure:3301: $? = 0
configure:3318: result: yes
configure:3325: checking whether we are cross compiling
configure:3327: result: no
configure:3330: checking for suffix of executables
configure:3337: cc -o conftest -g -Wall -O2   conftest.c  >&5
configure:3340: $? = 0
configure:3364: result: 
configure:3370: checking for suffix of object files
configure:3396: cc -c -g -Wall -O2  conftest.c >&5
configure:3399: $? = 0
configure:3422: result: o
configure:3426: checking whether we are using the GNU C compiler
configure:3455: cc -c -g -Wall -O2  conftest.c >&5
configure:3461: $? = 0
configure:3468: test -z "$ac_c_werror_flag" || test ! -s conftest.err
configure:3471: $? = 0
configure:3478: test -s conftest.o
configure:3481: $? = 0
configure:3495: result: yes
configure:3500: checking whether cc accepts -g
configure:3530: cc -c -g  conftest.c >&5
configure:3536: $? = 0
configure:3543: test -z "$ac_c_werror_flag" || test ! -s conftest.err
configure:3546: $? = 0
configure:3553: test -s conftest.o
configure:3556: $? = 0
configure:3686: result: yes
configure:3703: checking for cc option to accept ISO C89
configure:3777: cc  -c -g -Wall -O2  conftest.c >&5
configure:3783: $? = 0
configure:3790: test -z "$ac_c_werror_flag" || test ! -s conftest.err
configure:3793: $? = 0
configure:3800: test -s conftest.o
configure:3803: $? = 0
configure:3823: result: none needed
configure:3843: checking dependency style of cc
configure:3933: result: none
configure:3951: checking for library containing strerror
configure:3992: cc -o conftest -g -Wall -O2   conftest.c  >&5
configure:3998: $? = 0
configure:4005: test -z "$ac_c_werror_flag" || test ! -s conftest.err
configure:4008: $? = 0
configure:4015: test -s conftest
configure:4018: $? = 0
configure:4042: result: none required
configure:4055: checking how to run the C preprocessor
configure:4095: cc -E  conftest.c
configure:4101: $? = 0
configure:4139: cc -E  conftest.c
conftest.c:10:28: error: ac_nonexistent.h: No such file or directory
configure:4145: $? = 1
configure: failed program was:
| /* confdefs.h.  */
| #define PACKAGE_NAME ""
| #define PACKAGE_TARNAME ""
| #define PACKAGE_VERSION ""
| #define PACKAGE_STRING ""
| #define PACKAGE_BUGREPORT ""
| #define PACKAGE "pmount"
| #define VERSION "0.9.13"
| /* end confdefs.h.  */
| #include <ac_nonexistent.h>
configure:4185: result: cc -E
configure:4214: cc -E  conftest.c
configure:4220: $? = 0
configure:4258: cc -E  conftest.c
conftest.c:10:28: error: ac_nonexistent.h: No such file or directory
configure:4264: $? = 1
configure: failed program was:
| /* confdefs.h.  */
| #define PACKAGE_NAME ""
| #define PACKAGE_TARNAME ""
| #define PACKAGE_VERSION ""
| #define PACKAGE_STRING ""
| #define PACKAGE_BUGREPORT ""
| #define PACKAGE "pmount"
| #define VERSION "0.9.13"
| /* end confdefs.h.  */
| #include <ac_nonexistent.h>
configure:4309: checking for grep that handles long lines and -e
configure:4383: result: /bin/grep
configure:4388: checking for egrep
configure:4466: result: /bin/grep -E
configure:4471: checking for ANSI C header files
configure:4501: cc -c -g -Wall -O2  conftest.c >&5
configure:4507: $? = 0
configure:4514: test -z "$ac_c_werror_flag" || test ! -s conftest.err
configure:4517: $? = 0
configure:4524: test -s conftest.o
configure:4527: $? = 0
configure:4623: cc -o conftest -g -Wall -O2   conftest.c  >&5
configure:4626: $? = 0
configure:4632: ./conftest
configure:4635: $? = 0
configure:4652: result: yes
configure:4740: checking build system type
configure:4758: result: i486-pc-linux-gnu
configure:4780: checking host system type
configure:4795: result: i486-pc-linux-gnu
configure:4817: checking for a sed that does not truncate output
configure:4871: result: /bin/sed
configure:4885: checking for ld used by cc
configure:4952: result: /usr/bin/ld
configure:4961: checking if the linker (/usr/bin/ld) is GNU ld
configure:4976: result: yes
configure:4981: checking for /usr/bin/ld option to reload object files
configure:4988: result: -r
configure:5006: checking for BSD-compatible nm
configure:5055: result: /usr/bin/nm -B
configure:5059: checking whether ln -s works
configure:5063: result: yes
configure:5070: checking how to recognise dependent libraries
configure:5246: result: pass_all
configure:5504: checking for sys/types.h
configure:5525: cc -c -g -Wall -O2  conftest.c >&5
configure:5531: $? = 0
configure:5538: test -z "$ac_c_werror_flag" || test ! -s conftest.err
configure:5541: $? = 0
configure:5548: test -s conftest.o
configure:5551: $? = 0
configure:5564: result: yes
configure:5504: checking for sys/stat.h
configure:5525: cc -c -g -Wall -O2  conftest.c >&5
configure:5531: $? = 0
configure:5538: test -z "$ac_c_werror_flag" || test ! -s conftest.err
configure:5541: $? = 0
configure:5548: test -s conftest.o
configure:5551: $? = 0
configure:5564: result: yes
configure:5504: checking for stdlib.h
configure:5525: cc -c -g -Wall -O2  conftest.c >&5
configure:5531: $? = 0
configure:5538: test -z "$ac_c_werror_flag" || test ! -s conftest.err
configure:5541: $? = 0
configure:5548: test -s conftest.o
configure:5551: $? = 0
configure:5564: result: yes
configure:5504: checking for string.h
configure:5525: cc -c -g -Wall -O2  conftest.c >&5
configure:5531: $? = 0
configure:5538: test -z "$ac_c_werror_flag" || test ! -s conftest.err
configure:5541: $? = 0
configure:5548: test -s conftest.o
configure:5551: $? = 0
configure:5564: result: yes
configure:5504: checking for memory.h
configure:5525: cc -c -g -Wall -O2  conftest.c >&5
configure:5531: $? = 0
configure:5538: test -z "$ac_c_werror_flag" || test ! -s conftest.err
configure:5541: $? = 0
configure:5548: test -s conftest.o
configure:5551: $? = 0
configure:5564: result: yes
configure:5504: checking for strings.h
configure:5525: cc -c -g -Wall -O2  conftest.c >&5
configure:5531: $? = 0
configure:5538: test -z "$ac_c_werror_flag" || test ! -s conftest.err
configure:5541: $? = 0
configure:5548: test -s conftest.o
configure:5551: $? = 0
configure:5564: result: yes
configure:5504: checking for inttypes.h
configure:5525: cc -c -g -Wall -O2  conftest.c >&5
configure:5531: $? = 0
configure:5538: test -z "$ac_c_werror_flag" || test ! -s conftest.err
configure:5541: $? = 0
configure:5548: test -s conftest.o
configure:5551: $? = 0
configure:5564: result: yes
configure:5504: checking for stdint.h
configure:5525: cc -c -g -Wall -O2  conftest.c >&5
configure:5531: $? = 0
configure:5538: test -z "$ac_c_werror_flag" || test ! -s conftest.err
configure:5541: $? = 0
configure:5548: test -s conftest.o
configure:5551: $? = 0
configure:5564: result: yes
configure:5504: checking for unistd.h
configure:5525: cc -c -g -Wall -O2  conftest.c >&5
configure:5531: $? = 0
configure:5538: test -z "$ac_c_werror_flag" || test ! -s conftest.err
configure:5541: $? = 0
configure:5548: test -s conftest.o
configure:5551: $? = 0
configure:5564: result: yes
configure:5591: checking dlfcn.h usability
configure:5608: cc -c -g -Wall -O2  conftest.c >&5
configure:5614: $? = 0
configure:5621: test -z "$ac_c_werror_flag" || test ! -s conftest.err
configure:5624: $? = 0
configure:5631: test -s conftest.o
configure:5634: $? = 0
configure:5645: result: yes
configure:5649: checking dlfcn.h presence
configure:5664: cc -E  conftest.c
configure:5670: $? = 0
configure:5691: result: yes
configure:5719: checking for dlfcn.h
configure:5727: result: yes
configure:5856: checking for C++ compiler version
configure:5863: g++ --version >&5
g++ (GCC) 4.1.2 20060928 (prerelease) (Ubuntu 4.1.1-13ubuntu5)
Copyright (C) 2006 Free Software Foundation, Inc.
This is free software; see the source for copying conditions.  There is NO
warranty; not even for MERCHANTABILITY or FITNESS FOR A PARTICULAR PURPOSE.

configure:5866: $? = 0
configure:5873: g++ -v >&5
Using built-in specs.
Target: i486-linux-gnu
Configured with: ../src/configure -v --enable-languages=c,c++,fortran,objc,obj-c++,treelang --prefix=/usr --enable-shared --with-system-zlib --libexecdir=/usr/lib --without-included-gettext --enable-threads=posix --enable-nls --program-suffix=-4.1 --enable-__cxa_atexit --enable-clocale=gnu --enable-libstdcxx-debug --enable-mpfr --enable-checking=release i486-linux-gnu
Thread model: posix
gcc version 4.1.2 20060928 (prerelease) (Ubuntu 4.1.1-13ubuntu5)
configure:5876: $? = 0
configure:5883: g++ -V >&5
g++: '-V' option must have argument
configure:5886: $? = 1
configure:5889: checking whether we are using the GNU C++ compiler
configure:5918: g++ -c -g -Wall -O2  conftest.cpp >&5
configure:5924: $? = 0
configure:5931: test -z "$ac_cxx_werror_flag" || test ! -s conftest.err
configure:5934: $? = 0
configure:5941: test -s conftest.o
configure:5944: $? = 0
configure:5958: result: yes
configure:5963: checking whether g++ accepts -g
configure:5993: g++ -c -g  conftest.cpp >&5
configure:5999: $? = 0
configure:6006: test -z "$ac_cxx_werror_flag" || test ! -s conftest.err
configure:6009: $? = 0
configure:6016: test -s conftest.o
configure:6019: $? = 0
configure:6149: result: yes
configure:6174: checking dependency style of g++
configure:6264: result: none
configure:6291: checking how to run the C++ preprocessor
configure:6327: g++ -E  conftest.cpp
configure:6333: $? = 0
configure:6371: g++ -E  conftest.cpp
conftest.cpp:21:28: error: ac_nonexistent.h: No such file or directory
configure:6377: $? = 1
configure: failed program was:
| /* confdefs.h.  */
| #define PACKAGE_NAME ""
| #define PACKAGE_TARNAME ""
| #define PACKAGE_VERSION ""
| #define PACKAGE_STRING ""
| #define PACKAGE_BUGREPORT ""
| #define PACKAGE "pmount"
| #define VERSION "0.9.13"
| #define STDC_HEADERS 1
| #define HAVE_SYS_TYPES_H 1
| #define HAVE_SYS_STAT_H 1
| #define HAVE_STDLIB_H 1
| #define HAVE_STRING_H 1
| #define HAVE_MEMORY_H 1
| #define HAVE_STRINGS_H 1
| #define HAVE_INTTYPES_H 1
| #define HAVE_STDINT_H 1
| #define HAVE_UNISTD_H 1
| #define HAVE_DLFCN_H 1
| /* end confdefs.h.  */
| #include <ac_nonexistent.h>
configure:6417: result: g++ -E
configure:6446: g++ -E  conftest.cpp
configure:6452: $? = 0
configure:6490: g++ -E  conftest.cpp
conftest.cpp:21:28: error: ac_nonexistent.h: No such file or directory
configure:6496: $? = 1
configure: failed program was:
| /* confdefs.h.  */
| #define PACKAGE_NAME ""
| #define PACKAGE_TARNAME ""
| #define PACKAGE_VERSION ""
| #define PACKAGE_STRING ""
| #define PACKAGE_BUGREPORT ""
| #define PACKAGE "pmount"
| #define VERSION "0.9.13"
| #define STDC_HEADERS 1
| #define HAVE_SYS_TYPES_H 1
| #define HAVE_SYS_STAT_H 1
| #define HAVE_STDLIB_H 1
| #define HAVE_STRING_H 1
| #define HAVE_MEMORY_H 1
| #define HAVE_STRINGS_H 1
| #define HAVE_INTTYPES_H 1
| #define HAVE_STDINT_H 1
| #define HAVE_UNISTD_H 1
| #define HAVE_DLFCN_H 1
| /* end confdefs.h.  */
| #include <ac_nonexistent.h>
configure:6596: checking for g77
configure:6626: result: no
configure:6596: checking for f77
configure:6626: result: no
configure:6596: checking for xlf
configure:6626: result: no
configure:6596: checking for frt
configure:6626: result: no
configure:6596: checking for pgf77
configure:6626: result: no
configure:6596: checking for cf77
configure:6626: result: no
configure:6596: checking for fort77
configure:6626: result: no
configure:6596: checking for fl32
configure:6626: result: no
configure:6596: checking for af77
configure:6626: result: no
configure:6596: checking for f90
configure:6626: result: no
configure:6596: checking for xlf90
configure:6626: result: no
configure:6596: checking for pgf90
configure:6626: result: no
configure:6596: checking for pghpf
configure:6626: result: no
configure:6596: checking for epcf90
configure:6626: result: no
configure:6596: checking for gfortran
configure:6626: result: no
configure:6596: checking for g95
configure:6626: result: no
configure:6596: checking for f95
configure:6626: result: no
configure:6596: checking for fort
configure:6626: result: no
configure:6596: checking for xlf95
configure:6626: result: no
configure:6596: checking for ifort
configure:6626: result: no
configure:6596: checking for ifc
configure:6626: result: no
configure:6596: checking for efc
configure:6626: result: no
configure:6596: checking for pgf95
configure:6626: result: no
configure:6596: checking for lf95
configure:6626: result: no
configure:6596: checking for ftn
configure:6626: result: no
configure:6653: checking for Fortran 77 compiler version
configure:6660:  --version >&5
/home/carlospc/Desktop/123/pmount-0.9.13/./configure: line 6661: --version: command not found
configure:6663: $? = 127
configure:6670:  -v >&5
/home/carlospc/Desktop/123/pmount-0.9.13/./configure: line 6671: -v: command not found
configure:6673: $? = 127
configure:6680:  -V >&5
/home/carlospc/Desktop/123/pmount-0.9.13/./configure: line 6681: -V: command not found
configure:6683: $? = 127
configure:6691: checking whether we are using the GNU Fortran 77 compiler
configure:6710:  -c  conftest.F >&5
/home/carlospc/Desktop/123/pmount-0.9.13/./configure: line 6711: -c: command not found
configure:6716: $? = 127
configure: failed program was:
|       program main
| #ifndef __GNUC__
|        choke me
| #endif
| 
|       end
configure:6750: result: no
configure:6756: checking whether  accepts -g
configure:6773:  -c -g conftest.f >&5
/home/carlospc/Desktop/123/pmount-0.9.13/./configure: line 6774: -c: command not found
configure:6779: $? = 127
configure: failed program was:
|       program main
| 
|       end
configure:6812: result: no
configure:6842: checking the maximum length of command line arguments
configure:6951: result: 32768
configure:6962: checking command to parse /usr/bin/nm -B output from cc object
configure:7067: cc -c -g -Wall -O2  conftest.c >&5
configure:7070: $? = 0
configure:7074: /usr/bin/nm -B conftest.o \| sed -n -e 's/^.*[ 	]\([ABCDGIRSTW][ABCDGIRSTW]*\)[ 	][ 	]*\([_A-Za-z][_A-Za-z0-9]*\)$/\1 \2 \2/p' \> conftest.nm
configure:7077: $? = 0
configure:7129: cc -o conftest -g -Wall -O2   conftest.c conftstm.o >&5
configure:7132: $? = 0
configure:7170: result: ok
configure:7174: checking for objdir
configure:7189: result: .libs
configure:7281: checking for ar
configure:7297: found /usr/bin/ar
configure:7308: result: ar
configure:7377: checking for ranlib
configure:7393: found /usr/bin/ranlib
configure:7404: result: ranlib
configure:7473: checking for strip
configure:7489: found /usr/bin/strip
configure:7500: result: strip
configure:7786: checking if cc supports -fno-rtti -fno-exceptions
configure:7804: cc -c -g -Wall -O2  -fno-rtti -fno-exceptions conftest.c >&5
cc1: warning: command line option "-fno-rtti" is valid for C++/ObjC++ but not for C
configure:7808: $? = 0
configure:7821: result: no
configure:7836: checking for cc option to produce PIC
configure:8046: result: -fPIC
configure:8054: checking if cc PIC flag -fPIC works
configure:8072: cc -c -g -Wall -O2  -fPIC -DPIC conftest.c >&5
configure:8076: $? = 0
configure:8089: result: yes
configure:8117: checking if cc static flag -static works
configure:8145: result: yes
configure:8155: checking if cc supports -c -o file.o
configure:8176: cc -c -g -Wall -O2  -o out/conftest2.o conftest.c >&5
configure:8180: $? = 0
configure:8202: result: yes
configure:8228: checking whether the cc linker (/usr/bin/ld) supports shared libraries
configure:9215: result: yes
configure:9236: checking whether -lc should be explicitly linked in
configure:9241: cc -c -g -Wall -O2  conftest.c >&5
configure:9244: $? = 0
configure:9259: cc -shared conftest.o  -v -Wl,-soname -Wl,conftest -o conftest 2\>\&1 \| grep  -lc  \>/dev/null 2\>\&1
configure:9262: $? = 0
configure:9274: result: no
configure:9282: checking dynamic linker characteristics
configure:9858: result: GNU/Linux ld.so
configure:9867: checking how to hardcode library paths into programs
configure:9892: result: immediate
configure:9906: checking whether stripping libraries is possible
configure:9911: result: yes
configure:10824: checking if libtool supports shared libraries
configure:10826: result: yes
configure:10829: checking whether to build shared libraries
configure:10850: result: yes
configure:10853: checking whether to build static libraries
configure:10857: result: yes
configure:10949: creating libtool
configure:11537: checking for ld used by g++
configure:11604: result: /usr/bin/ld
configure:11613: checking if the linker (/usr/bin/ld) is GNU ld
configure:11628: result: yes
configure:11679: checking whether the g++ linker (/usr/bin/ld) supports shared libraries
configure:12645: result: yes
configure:12663: g++ -c -g -Wall -O2  conftest.cpp >&5
configure:12666: $? = 0
configure:12785: checking for g++ option to produce PIC
configure:13059: result: -fPIC
configure:13067: checking if g++ PIC flag -fPIC works
configure:13085: g++ -c -g -Wall -O2  -fPIC -DPIC conftest.cpp >&5
configure:13089: $? = 0
configure:13102: result: yes
configure:13130: checking if g++ static flag -static works
configure:13158: result: yes
configure:13168: checking if g++ supports -c -o file.o
configure:13189: g++ -c -g -Wall -O2  -o out/conftest2.o conftest.cpp >&5
configure:13193: $? = 0
configure:13215: result: yes
configure:13241: checking whether the g++ linker (/usr/bin/ld) supports shared libraries
configure:13269: result: yes
configure:13336: checking dynamic linker characteristics
configure:13912: result: GNU/Linux ld.so
configure:13921: checking how to hardcode library paths into programs
configure:13946: result: immediate
configure:20141: checking for a BSD-compatible install
configure:20197: result: /usr/bin/install -c
configure:20219: checking sysfs/libsysfs.h usability
configure:20236: cc -c -g -Wall -O2  conftest.c >&5
configure:20242: $? = 0
configure:20249: test -z "$ac_c_werror_flag" || test ! -s conftest.err
configure:20252: $? = 0
configure:20259: test -s conftest.o
configure:20262: $? = 0
configure:20273: result: yes
configure:20277: checking sysfs/libsysfs.h presence
configure:20292: cc -E  conftest.c
configure:20298: $? = 0
configure:20319: result: yes
configure:20347: checking for sysfs/libsysfs.h
configure:20354: result: yes
configure:20359: checking for sysfs_open_attribute in -lsysfs
configure:20394: cc -o conftest -g -Wall -O2   conftest.c -lsysfs   >&5
configure:20400: $? = 0
configure:20407: test -z "$ac_c_werror_flag" || test ! -s conftest.err
configure:20410: $? = 0
configure:20417: test -s conftest
configure:20420: $? = 0
configure:20434: result: yes
configure:20613: checking for pkg-config
configure:20631: found /usr/bin/pkg-config
configure:20643: result: /usr/bin/pkg-config
configure:20672: checking pkg-config is at least version 0.9.0
configure:20675: result: yes
configure:20686: checking for HAL
configure:20694: $PKG_CONFIG --exists --print-errors "hal >= 0.5.2 hal-storage >= 0.5.2"
configure:20697: $? = 0
configure:20712: $PKG_CONFIG --exists --print-errors "hal >= 0.5.2 hal-storage >= 0.5.2"
configure:20715: $? = 0
configure:20749: result: yes
configure:20795: checking locale.h usability
configure:20812: cc -c -g -Wall -O2  conftest.c >&5
configure:20818: $? = 0
configure:20825: test -z "$ac_c_werror_flag" || test ! -s conftest.err
configure:20828: $? = 0
configure:20835: test -s conftest.o
configure:20838: $? = 0
configure:20849: result: yes
configure:20853: checking locale.h presence
configure:20868: cc -E  conftest.c
configure:20874: $? = 0
configure:20895: result: yes
configure:20923: checking for locale.h
configure:20931: result: yes
configure:20945: checking for LC_MESSAGES
configure:20971: cc -o conftest -g -Wall -O2   conftest.c  -lsysfs >&5
configure:20977: $? = 0
configure:20984: test -z "$ac_c_werror_flag" || test ! -s conftest.err
configure:20987: $? = 0
configure:20994: test -s conftest
configure:20997: $? = 0
configure:21010: result: yes
configure:21039: checking libintl.h usability
configure:21056: cc -c -g -Wall -O2  conftest.c >&5
configure:21062: $? = 0
configure:21069: test -z "$ac_c_werror_flag" || test ! -s conftest.err
configure:21072: $? = 0
configure:21079: test -s conftest.o
configure:21082: $? = 0
configure:21093: result: yes
configure:21097: checking libintl.h presence
configure:21112: cc -E  conftest.c
configure:21118: $? = 0
configure:21139: result: yes
configure:21167: checking for libintl.h
configure:21174: result: yes
configure:21185: checking for ngettext in libc
configure:21213: cc -o conftest -g -Wall -O2   conftest.c  -lsysfs >&5
configure:21219: $? = 0
configure:21226: test -z "$ac_c_werror_flag" || test ! -s conftest.err
configure:21229: $? = 0
configure:21236: test -s conftest
configure:21239: $? = 0
configure:21253: result: yes
configure:21257: checking for dgettext in libc
configure:21285: cc -o conftest -g -Wall -O2   conftest.c  -lsysfs >&5
configure:21291: $? = 0
configure:21298: test -z "$ac_c_werror_flag" || test ! -s conftest.err
configure:21301: $? = 0
configure:21308: test -s conftest
configure:21311: $? = 0
configure:21325: result: yes
configure:21334: checking for bind_textdomain_codeset
configure:21390: cc -o conftest -g -Wall -O2   conftest.c  -lsysfs >&5
configure:21396: $? = 0
configure:21403: test -z "$ac_c_werror_flag" || test ! -s conftest.err
configure:21406: $? = 0
configure:21413: test -s conftest
configure:21416: $? = 0
configure:21430: result: yes
configure:22013: checking for msgfmt
configure:22040: result: /usr/bin/msgfmt
configure:22053: checking for dcgettext
configure:22109: cc -o conftest -g -Wall -O2   conftest.c  -lsysfs  >&5
conftest.c:56: warning: conflicting types for built-in function 'dcgettext'
configure:22115: $? = 0
configure:22122: test -z "$ac_c_werror_flag" || test ! -s conftest.err
configure:22125: $? = 0
configure:22132: test -s conftest
configure:22135: $? = 0
configure:22149: result: yes
configure:22161: checking for gmsgfmt
configure:22192: result: /usr/bin/msgfmt
configure:22202: checking for xgettext
configure:22229: result: /usr/bin/xgettext
configure:22258: cc -o conftest -g -Wall -O2   conftest.c  -lsysfs  >&5
configure:22264: $? = 0
configure:22271: test -z "$ac_c_werror_flag" || test ! -s conftest.err
configure:22274: $? = 0
configure:22281: test -s conftest
configure:22284: $? = 0
configure:22664: creating ./config.status

## ---------------------- ##
## Running config.status. ##
## ---------------------- ##

This file was extended by config.status, which was
generated by GNU Autoconf 2.60.  Invocation command line was

  CONFIG_FILES    = 
  CONFIG_HEADERS  = 
  CONFIG_LINKS    = 
  CONFIG_COMMANDS = 
  $ ./config.status 

on z750s

config.status:710: creating Makefile
config.status:710: creating po/Makefile.in
config.status:710: creating man/Makefile
config.status:710: creating etc/Makefile
config.status:710: creating src/Makefile
config.status:710: creating config.h
config.status:991: executing intltool commands
config.status:991: executing depfiles commands
config.status:991: executing default-1 commands
config.status:991: executing po/stamp-it commands

## ---------------- ##
## Cache variables. ##
## ---------------- ##

ac_cv_build=i486-pc-linux-gnu
ac_cv_c_compiler_gnu=yes
ac_cv_cxx_compiler_gnu=yes
ac_cv_env_CCC_set=
ac_cv_env_CCC_value=
ac_cv_env_CC_set=set
ac_cv_env_CC_value=cc
ac_cv_env_CFLAGS_set=set
ac_cv_env_CFLAGS_value='-g -Wall -O2'
ac_cv_env_CPPFLAGS_set=set
ac_cv_env_CPPFLAGS_value=
ac_cv_env_CPP_set=
ac_cv_env_CPP_value=
ac_cv_env_CXXCPP_set=
ac_cv_env_CXXCPP_value=
ac_cv_env_CXXFLAGS_set=set
ac_cv_env_CXXFLAGS_value='-g -Wall -O2'
ac_cv_env_CXX_set=set
ac_cv_env_CXX_value=g++
ac_cv_env_F77_set=
ac_cv_env_F77_value=
ac_cv_env_FFLAGS_set=
ac_cv_env_FFLAGS_value=
ac_cv_env_HAL_CFLAGS_set=
ac_cv_env_HAL_CFLAGS_value=
ac_cv_env_HAL_LIBS_set=
ac_cv_env_HAL_LIBS_value=
ac_cv_env_LDFLAGS_set=set
ac_cv_env_LDFLAGS_value=
ac_cv_env_PKG_CONFIG_set=
ac_cv_env_PKG_CONFIG_value=
ac_cv_env_build_alias_set=set
ac_cv_env_build_alias_value=i486-linux-gnu
ac_cv_env_host_alias_set=
ac_cv_env_host_alias_value=
ac_cv_env_target_alias_set=
ac_cv_env_target_alias_value=
ac_cv_f77_compiler_gnu=no
ac_cv_func_bind_textdomain_codeset=yes
ac_cv_func_dcgettext=yes
ac_cv_header_dlfcn_h=yes
ac_cv_header_inttypes_h=yes
ac_cv_header_libintl_h=yes
ac_cv_header_locale_h=yes
ac_cv_header_memory_h=yes
ac_cv_header_stdc=yes
ac_cv_header_stdint_h=yes
ac_cv_header_stdlib_h=yes
ac_cv_header_string_h=yes
ac_cv_header_strings_h=yes
ac_cv_header_sys_stat_h=yes
ac_cv_header_sys_types_h=yes
ac_cv_header_sysfs_libsysfs_h=yes
ac_cv_header_unistd_h=yes
ac_cv_host=i486-pc-linux-gnu
ac_cv_lib_sysfs_sysfs_open_attribute=yes
ac_cv_objext=o
ac_cv_path_EGREP='/bin/grep -E'
ac_cv_path_GMSGFMT=/usr/bin/msgfmt
ac_cv_path_GREP=/bin/grep
ac_cv_path_INTLTOOL_ICONV=/usr/bin/iconv
ac_cv_path_INTLTOOL_MSGFMT=/usr/bin/msgfmt
ac_cv_path_INTLTOOL_MSGMERGE=/usr/bin/msgmerge
ac_cv_path_INTLTOOL_PERL=/usr/bin/perl
ac_cv_path_INTLTOOL_XGETTEXT=/usr/bin/xgettext
ac_cv_path_MSGFMT=/usr/bin/msgfmt
ac_cv_path_XGETTEXT=/usr/bin/xgettext
ac_cv_path_ac_pt_PKG_CONFIG=/usr/bin/pkg-config
ac_cv_path_install='/usr/bin/install -c'
ac_cv_prog_AWK=gawk
ac_cv_prog_CPP='cc -E'
ac_cv_prog_CXXCPP='g++ -E'
ac_cv_prog_ac_ct_AR=ar
ac_cv_prog_ac_ct_CC=cc
ac_cv_prog_ac_ct_RANLIB=ranlib
ac_cv_prog_ac_ct_STRIP=strip
ac_cv_prog_cc_c89=
ac_cv_prog_cc_g=yes
ac_cv_prog_cxx_g=yes
ac_cv_prog_f77_g=no
ac_cv_prog_make_make_set=yes
ac_cv_search_strerror='none required'
am_cv_CC_dependencies_compiler_type=none
am_cv_CXX_dependencies_compiler_type=none
am_cv_val_LC_MESSAGES=yes
gt_cv_func_dgettext_libc=yes
gt_cv_func_dgettext_libintl=no
gt_cv_func_ngettext_libc=yes
gt_cv_have_gettext=yes
lt_cv_deplibs_check_method=pass_all
lt_cv_file_magic_cmd='$MAGIC_CMD'
lt_cv_file_magic_test_file=
lt_cv_ld_reload_flag=-r
lt_cv_objdir=.libs
lt_cv_path_LD=/usr/bin/ld
lt_cv_path_LDCXX=/usr/bin/ld
lt_cv_path_NM='/usr/bin/nm -B'
lt_cv_path_SED=/bin/sed
lt_cv_prog_compiler_c_o=yes
lt_cv_prog_compiler_c_o_CXX=yes
lt_cv_prog_compiler_rtti_exceptions=no
lt_cv_prog_gnu_ld=yes
lt_cv_prog_gnu_ldcxx=yes
lt_cv_sys_global_symbol_pipe='sed -n -e '\''s/^.*[ 	]\([ABCDGIRSTW][ABCDGIRSTW]*\)[ 	][ 	]*\([_A-Za-z][_A-Za-z0-9]*\)$/\1 \2 \2/p'\'''
lt_cv_sys_global_symbol_to_c_name_address='sed -n -e '\''s/^: \([^ ]*\) $/  {\"\1\", (lt_ptr) 0},/p'\'' -e '\''s/^[BCDEGRST] \([^ ]*\) \([^ ]*\)$/  {"\2", (lt_ptr) \&\2},/p'\'''
lt_cv_sys_global_symbol_to_cdecl='sed -n -e '\''s/^. .* \(.*\)$/extern int \1;/p'\'''
lt_cv_sys_max_cmd_len=32768
lt_lt_cv_prog_compiler_c_o='"yes"'
lt_lt_cv_prog_compiler_c_o_CXX='"yes"'
lt_lt_cv_sys_global_symbol_pipe='"sed -n -e '\''s/^.*[ 	]\\([ABCDGIRSTW][ABCDGIRSTW]*\\)[ 	][ 	]*\\([_A-Za-z][_A-Za-z0-9]*\\)\$/\\1 \\2 \\2/p'\''"'
lt_lt_cv_sys_global_symbol_to_c_name_address='"sed -n -e '\''s/^: \\([^ ]*\\) \$/  {\\\"\\1\\\", (lt_ptr) 0},/p'\'' -e '\''s/^[BCDEGRST] \\([^ ]*\\) \\([^ ]*\\)\$/  {\"\\2\", (lt_ptr) \\&\\2},/p'\''"'
lt_lt_cv_sys_global_symbol_to_cdecl='"sed -n -e '\''s/^. .* \\(.*\\)\$/extern int \\1;/p'\''"'
pkg_cv_HAL_CFLAGS='-DDBUS_API_SUBJECT_TO_CHANGE -I/usr/include/hal -I/usr/include/dbus-1.0 -I/usr/lib/dbus-1.0/include  '
pkg_cv_HAL_LIBS='-lhal-storage -lhal -ldbus-1  '

## ----------------- ##
## Output variables. ##
## ----------------- ##

ACLOCAL='${SHELL} /home/carlospc/Desktop/123/pmount-0.9.13/missing --run aclocal-1.9'
ALL_LINGUAS=''
AMDEPBACKSLASH=''
AMDEP_FALSE=''
AMDEP_TRUE='#'
AMTAR='${SHELL} /home/carlospc/Desktop/123/pmount-0.9.13/missing --run tar'
AR='ar'
AUTOCONF='${SHELL} /home/carlospc/Desktop/123/pmount-0.9.13/missing --run autoconf'
AUTOHEADER='${SHELL} /home/carlospc/Desktop/123/pmount-0.9.13/missing --run autoheader'
AUTOMAKE='${SHELL} /home/carlospc/Desktop/123/pmount-0.9.13/missing --run automake-1.9'
AWK='gawk'
CATALOGS=''
CATOBJEXT='.gmo'
CC='cc'
CCDEPMODE='depmode=none'
CFLAGS='-g -Wall -O2'
CPP='cc -E'
CPPFLAGS=''
CXX='g++'
CXXCPP='g++ -E'
CXXDEPMODE='depmode=none'
CXXFLAGS='-g -Wall -O2'
CYGPATH_W='echo'
DATADIRNAME='share'
DEFS='-DHAVE_CONFIG_H'
DEPDIR='.deps'
ECHO='echo'
ECHO_C=''
ECHO_N='-n'
ECHO_T=''
EGREP='/bin/grep -E'
EXEEXT=''
F77=''
FFLAGS=''
GETTEXT_PACKAGE='pmount'
GMOFILES=''
GMSGFMT='/usr/bin/msgfmt'
GREP='/bin/grep'
HAL_CFLAGS='-DDBUS_API_SUBJECT_TO_CHANGE -I/usr/include/hal -I/usr/include/dbus-1.0 -I/usr/lib/dbus-1.0/include  '
HAL_LIBS='-lhal-storage -lhal -ldbus-1  '
INSTALL_DATA='${INSTALL} -m 644'
INSTALL_PROGRAM='${INSTALL}'
INSTALL_SCRIPT='${INSTALL}'
INSTALL_STRIP_PROGRAM='${SHELL} $(install_sh) -c -s'
INSTOBJEXT='.mo'
INTLLIBS=''
INTLTOOL_CAVES_RULE='%.caves:     %.caves.in     $(INTLTOOL_MERGE) $(wildcard $(top_srcdir)/po/*.po) ; LC_ALL=C $(INTLTOOL_MERGE) -d -u -c $(top_builddir)/po/.intltool-merge-cache $(top_srcdir)/po $< $@'
INTLTOOL_DESKTOP_RULE='%.desktop:   %.desktop.in   $(INTLTOOL_MERGE) $(wildcard $(top_srcdir)/po/*.po) ; LC_ALL=C $(INTLTOOL_MERGE) -d -u -c $(top_builddir)/po/.intltool-merge-cache $(top_srcdir)/po $< $@'
INTLTOOL_DIRECTORY_RULE='%.directory: %.directory.in $(INTLTOOL_MERGE) $(wildcard $(top_srcdir)/po/*.po) ; LC_ALL=C $(INTLTOOL_MERGE) -d -u -c $(top_builddir)/po/.intltool-merge-cache $(top_srcdir)/po $< $@'
INTLTOOL_EXTRACT='$(top_builddir)/intltool-extract'
INTLTOOL_ICONV='/usr/bin/iconv'
INTLTOOL_KBD_RULE='%.kbd:       %.kbd.in       $(INTLTOOL_MERGE) $(wildcard $(top_srcdir)/po/*.po) ; LC_ALL=C $(INTLTOOL_MERGE) -x -u -m -c $(top_builddir)/po/.intltool-merge-cache $(top_srcdir)/po $< $@'
INTLTOOL_KEYS_RULE='%.keys:      %.keys.in      $(INTLTOOL_MERGE) $(wildcard $(top_srcdir)/po/*.po) ; LC_ALL=C $(INTLTOOL_MERGE) -k -u -c $(top_builddir)/po/.intltool-merge-cache $(top_srcdir)/po $< $@'
INTLTOOL_MERGE='$(top_builddir)/intltool-merge'
INTLTOOL_MSGFMT='/usr/bin/msgfmt'
INTLTOOL_MSGMERGE='/usr/bin/msgmerge'
INTLTOOL_OAF_RULE='%.oaf:       %.oaf.in       $(INTLTOOL_MERGE) $(wildcard $(top_srcdir)/po/*.po) ; LC_ALL=C $(INTLTOOL_MERGE) -o -p $(top_srcdir)/po $< $@'
INTLTOOL_PERL='/usr/bin/perl'
INTLTOOL_PONG_RULE='%.pong:      %.pong.in      $(INTLTOOL_MERGE) $(wildcard $(top_srcdir)/po/*.po) ; LC_ALL=C $(INTLTOOL_MERGE) -x -u -c $(top_builddir)/po/.intltool-merge-cache $(top_srcdir)/po $< $@'
INTLTOOL_PROP_RULE='%.prop:      %.prop.in      $(INTLTOOL_MERGE) $(wildcard $(top_srcdir)/po/*.po) ; LC_ALL=C $(INTLTOOL_MERGE) -d -u -c $(top_builddir)/po/.intltool-merge-cache $(top_srcdir)/po $< $@'
INTLTOOL_SCHEMAS_RULE='%.schemas:   %.schemas.in   $(INTLTOOL_MERGE) $(wildcard $(top_srcdir)/po/*.po) ; LC_ALL=C $(INTLTOOL_MERGE) -s -u -c $(top_builddir)/po/.intltool-merge-cache $(top_srcdir)/po $< $@'
INTLTOOL_SERVER_RULE='%.server:    %.server.in    $(INTLTOOL_MERGE) $(wildcard $(top_srcdir)/po/*.po) ; LC_ALL=C $(INTLTOOL_MERGE) -o -u -c $(top_builddir)/po/.intltool-merge-cache $(top_srcdir)/po $< $@'
INTLTOOL_SERVICE_RULE='%.service: %.service.in   $(INTLTOOL_MERGE) $(wildcard $(top_srcdir)/po/*.po) ; LC_ALL=C $(INTLTOOL_MERGE) -d -u -c $(top_builddir)/po/.intltool-merge-cache $(top_srcdir)/po $< $@'
INTLTOOL_SHEET_RULE='%.sheet:     %.sheet.in     $(INTLTOOL_MERGE) $(wildcard $(top_srcdir)/po/*.po) ; LC_ALL=C $(INTLTOOL_MERGE) -x -u -c $(top_builddir)/po/.intltool-merge-cache $(top_srcdir)/po $< $@'
INTLTOOL_SOUNDLIST_RULE='%.soundlist: %.soundlist.in $(INTLTOOL_MERGE) $(wildcard $(top_srcdir)/po/*.po) ; LC_ALL=C $(INTLTOOL_MERGE) -d -u -c $(top_builddir)/po/.intltool-merge-cache $(top_srcdir)/po $< $@'
INTLTOOL_THEME_RULE='%.theme:     %.theme.in     $(INTLTOOL_MERGE) $(wildcard $(top_srcdir)/po/*.po) ; LC_ALL=C $(INTLTOOL_MERGE) -d -u -c $(top_builddir)/po/.intltool-merge-cache $(top_srcdir)/po $< $@'
INTLTOOL_UI_RULE='%.ui:        %.ui.in        $(INTLTOOL_MERGE) $(wildcard $(top_srcdir)/po/*.po) ; LC_ALL=C $(INTLTOOL_MERGE) -x -u -c $(top_builddir)/po/.intltool-merge-cache $(top_srcdir)/po $< $@'
INTLTOOL_UPDATE='$(top_builddir)/intltool-update'
INTLTOOL_XAM_RULE='%.xam:       %.xml.in       $(INTLTOOL_MERGE) $(wildcard $(top_srcdir)/po/*.po) ; LC_ALL=C $(INTLTOOL_MERGE) -x -u -c $(top_builddir)/po/.intltool-merge-cache $(top_srcdir)/po $< $@'
INTLTOOL_XGETTEXT='/usr/bin/xgettext'
INTLTOOL_XML_NOMERGE_RULE='%.xml:       %.xml.in       $(INTLTOOL_MERGE) ; LC_ALL=C $(INTLTOOL_MERGE) -x -u /tmp $< $@'
INTLTOOL_XML_RULE='%.xml:       %.xml.in       $(INTLTOOL_MERGE) $(wildcard $(top_srcdir)/po/*.po) ; LC_ALL=C $(INTLTOOL_MERGE) -x -u -c $(top_builddir)/po/.intltool-merge-cache $(top_srcdir)/po $< $@'
LDFLAGS=''
LIBOBJS=''
LIBS=' -lsysfs'
LIBTOOL='$(SHELL) $(top_builddir)/libtool'
LN_S='ln -s'
LTLIBOBJS=''
MAINT='#'
MAINTAINER_MODE_FALSE=''
MAINTAINER_MODE_TRUE='#'
MAKEINFO='${SHELL} /home/carlospc/Desktop/123/pmount-0.9.13/missing --run makeinfo'
MKINSTALLDIRS='./mkinstalldirs'
MSGFMT='/usr/bin/msgfmt'
OBJEXT='o'
PACKAGE='pmount'
PACKAGE_BUGREPORT=''
PACKAGE_NAME=''
PACKAGE_STRING=''
PACKAGE_TARNAME=''
PACKAGE_VERSION=''
PATH_SEPARATOR=':'
PKG_CONFIG='/usr/bin/pkg-config'
PMOUNT_HAL_FALSE='#'
PMOUNT_HAL_TRUE=''
POFILES=''
POSUB='po'
PO_IN_DATADIR_FALSE=''
PO_IN_DATADIR_TRUE=''
RANLIB='ranlib'
SET_MAKE=''
SHELL='/bin/bash'
STRIP='strip'
USE_NLS='yes'
VERSION='0.9.13'
XGETTEXT='/usr/bin/xgettext'
ac_ct_CC='cc'
ac_ct_CXX=''
ac_ct_F77=''
am__fastdepCC_FALSE=''
am__fastdepCC_TRUE='#'
am__fastdepCXX_FALSE=''
am__fastdepCXX_TRUE='#'
am__include='include'
am__leading_dot='.'
am__quote=''
am__tar='${AMTAR} chof - "$$tardir"'
am__untar='${AMTAR} xf -'
bindir='${exec_prefix}/bin'
build='i486-pc-linux-gnu'
build_alias='i486-linux-gnu'
build_cpu='i486'
build_os='linux-gnu'
build_vendor='pc'
datadir='${datarootdir}'
datarootdir='${prefix}/share'
docdir='${datarootdir}/doc/${PACKAGE}'
dvidir='${docdir}'
exec_prefix='${prefix}'
host='i486-pc-linux-gnu'
host_alias=''
host_cpu='i486'
host_os='linux-gnu'
host_vendor='pc'
htmldir='${docdir}'
includedir='${prefix}/include'
infodir='${prefix}/share/info'
install_sh='/home/carlospc/Desktop/123/pmount-0.9.13/install-sh'
libdir='${exec_prefix}/lib'
libexecdir='${prefix}/lib/pmount'
localedir='${datarootdir}/locale'
localstatedir='/var'
mandir='${prefix}/share/man'
mkdir_p='mkdir -p --'
oldincludedir='/usr/include'
pdfdir='${docdir}'
prefix='/usr'
program_transform_name='s,x,x,'
psdir='${docdir}'
sbindir='${exec_prefix}/sbin'
sharedstatedir='${prefix}/com'
sysconfdir='/etc'
target_alias=''

## ----------- ##
## confdefs.h. ##
## ----------- ##

#define PACKAGE_NAME ""
#define PACKAGE_TARNAME ""
#define PACKAGE_VERSION ""
#define PACKAGE_STRING ""
#define PACKAGE_BUGREPORT ""
#define PACKAGE "pmount"
#define VERSION "0.9.13"
#define STDC_HEADERS 1
#define HAVE_SYS_TYPES_H 1
#define HAVE_SYS_STAT_H 1
#define HAVE_STDLIB_H 1
#define HAVE_STRING_H 1
#define HAVE_MEMORY_H 1
#define HAVE_STRINGS_H 1
#define HAVE_INTTYPES_H 1
#define HAVE_STDINT_H 1
#define HAVE_UNISTD_H 1
#define HAVE_DLFCN_H 1
#define MEDIADIR "/media/"
#define LOCKDIR "/var/lock/pmount"
#define WHITELIST "/etc/pmount.allow"
#define MOUNTPROG "/bin/mount"
#define UMOUNTPROG "/bin/umount"
#define CRYPTSETUP "/sbin/cryptsetup"
#define BUILD_HAL 1
#define GETTEXT_PACKAGE "pmount"
#define HAVE_LOCALE_H 1
#define HAVE_LC_MESSAGES 1
#define HAVE_BIND_TEXTDOMAIN_CODESET 1
#define HAVE_GETTEXT 1
#define HAVE_DCGETTEXT 1
#define ENABLE_NLS 1

configure: exit 0
